<?xml version="1.0" encoding="UTF-8"?>
<testng-results ignored="0" total="1" passed="1" failed="0" skipped="0">
  <reporter-output>
  </reporter-output>
  <suite started-at="2022-09-07T18:19:21Z" name="Suite" finished-at="2022-09-07T18:19:35Z" duration-ms="14059">
    <groups>
    </groups>
    <test started-at="2022-09-07T18:19:21Z" name="Test" finished-at="2022-09-07T18:19:35Z" duration-ms="14059">
      <class name="testPack.ActiTimeLogin">
        <test-method is-config="true" signature="setUp()[pri:0, instance:testPack.ActiTimeLogin@6c7a164b]" started-at="2022-09-07T18:19:21Z" name="setUp" finished-at="2022-09-07T18:19:32Z" duration-ms="10779" status="PASS">
          <reporter-output>
          </reporter-output>
        </test-method> <!-- setUp -->
        <test-method signature="f()[pri:0, instance:testPack.ActiTimeLogin@6c7a164b]" started-at="2022-09-07T18:19:32Z" name="f" finished-at="2022-09-07T18:19:34Z" duration-ms="2418" status="PASS">
          <reporter-output>
          </reporter-output>
        </test-method> <!-- f -->
        <test-method is-config="true" signature="tearDown()[pri:0, instance:testPack.ActiTimeLogin@6c7a164b]" started-at="2022-09-07T18:19:34Z" name="tearDown" finished-at="2022-09-07T18:19:35Z" duration-ms="814" status="PASS">
          <reporter-output>
          </reporter-output>
        </test-method> <!-- tearDown -->
      </class> <!-- testPack.ActiTimeLogin -->
    </test> <!-- Test -->
  </suite> <!-- Suite -->
</testng-results>
